  [1m[36m (74.1ms)[0m  [1mCREATE TABLE "schema_migrations" ("version" varchar NOT NULL) [0m
  [1m[35m (0.2ms)[0m  select sqlite_version(*)
  [1m[36m (73.5ms)[0m  [1mCREATE UNIQUE INDEX "unique_schema_migrations" ON "schema_migrations" ("version")[0m
  [1m[35mActiveRecord::SchemaMigration Load (0.5ms)[0m  SELECT "schema_migrations".* FROM "schema_migrations"
Migrating to CreateReservas (20160109153335)
  [1m[36m (0.3ms)[0m  [1mbegin transaction[0m
  [1m[35m (2.6ms)[0m  CREATE TABLE "reservas" ("id" INTEGER PRIMARY KEY AUTOINCREMENT NOT NULL, "cliente" varchar, "servico" varchar, "profissional" varchar, "preco" decimal, "data" date, "hora" time, "comentarios" text, "created_at" datetime NOT NULL, "updated_at" datetime NOT NULL) 
  [1m[36mSQL (1.0ms)[0m  [1mINSERT INTO "schema_migrations" ("version") VALUES (?)[0m  [["version", "20160109153335"]]
  [1m[35m (57.3ms)[0m  commit transaction
  [1m[36mActiveRecord::SchemaMigration Load (0.3ms)[0m  [1mSELECT "schema_migrations".* FROM "schema_migrations"[0m


Started GET "/reservas" for 127.0.0.1 at 2016-01-10 11:34:30 -0200
  [1m[36mActiveRecord::SchemaMigration Load (0.3ms)[0m  [1mSELECT "schema_migrations".* FROM "schema_migrations"[0m
Processing by ReservasController#index as HTML
  [1m[35mReserva Load (0.9ms)[0m  SELECT "reservas".* FROM "reservas"
  Rendered reservas/index.html.erb within layouts/application (8.0ms)
Completed 200 OK in 580ms (Views: 561.3ms | ActiveRecord: 1.1ms)


Started GET "/assets/reservas.self-e3b0c44298fc1c149afbf4c8996fb92427ae41e4649b934ca495991b7852b855.css?body=1" for 127.0.0.1 at 2016-01-10 11:34:31 -0200


Started GET "/assets/reservas.self-877aef30ae1b040ab8a3aba4e3e309a11d7f2612f44dde450b5c157aa5f95c05.js?body=1" for 127.0.0.1 at 2016-01-10 11:34:31 -0200


Started GET "/reservas/new" for 127.0.0.1 at 2016-01-10 11:34:34 -0200
Processing by ReservasController#new as HTML
  Rendered reservas/_form.html.erb (188.1ms)
  Rendered reservas/new.html.erb within layouts/application (196.3ms)
Completed 200 OK in 268ms (Views: 250.6ms | ActiveRecord: 0.7ms)


Started GET "/reservas/new" for 127.0.0.1 at 2016-01-10 11:37:38 -0200
Processing by ReservasController#new as HTML
  Rendered reservas/_form.html.erb (9.2ms)
  Rendered reservas/new.html.erb within layouts/application (14.0ms)
Completed 500 Internal Server Error in 24ms (ActiveRecord: 0.0ms)

SyntaxError (/home/douglas/workspace/beautyhairsystem/app/views/reservas/_form.html.erb:1: syntax error, unexpected tLABEL
...imple_form_for(@reserva), html: { multipart: true,
...                               ^
/home/douglas/workspace/beautyhairsystem/app/views/reservas/_form.html.erb:2: syntax error, unexpected keyword_do_block, expecting keyword_end
...  class: 'form-horizontal' } do |f| @output_buffer.safe_appe...
...                               ^
/home/douglas/workspace/beautyhairsystem/app/views/reservas/_form.html.erb:20: syntax error, unexpected keyword_ensure, expecting end-of-input):
  app/views/reservas/_form.html.erb:1: syntax error, unexpected tLABEL
  app/views/reservas/_form.html.erb:2: syntax error, unexpected keyword_do_block, expecting keyword_end
  app/views/reservas/_form.html.erb:20: syntax error, unexpected keyword_ensure, expecting end-of-input
  app/views/reservas/new.html.erb:3:in `_app_views_reservas_new_html_erb__80460461542664485_69834808774680'


  Rendered /home/douglas/.rvm/gems/ruby-2.2.2/gems/actionpack-4.2.5/lib/action_dispatch/middleware/templates/rescues/_source.erb (16.4ms)
  Rendered /home/douglas/.rvm/gems/ruby-2.2.2/gems/actionpack-4.2.5/lib/action_dispatch/middleware/templates/rescues/_trace.html.erb (8.2ms)
  Rendered /home/douglas/.rvm/gems/ruby-2.2.2/gems/actionpack-4.2.5/lib/action_dispatch/middleware/templates/rescues/_request_and_response.html.erb (2.1ms)
  Rendered /home/douglas/.rvm/gems/ruby-2.2.2/gems/actionpack-4.2.5/lib/action_dispatch/middleware/templates/rescues/diagnostics.html.erb within rescues/layout (54.9ms)
  Rendered /home/douglas/.rvm/gems/ruby-2.2.2/gems/web-console-2.2.1/lib/web_console/templates/_markup.html.erb (0.9ms)
  Rendered /home/douglas/.rvm/gems/ruby-2.2.2/gems/web-console-2.2.1/lib/web_console/templates/_inner_console_markup.html.erb within layouts/inlined_string (0.7ms)
  Rendered /home/douglas/.rvm/gems/ruby-2.2.2/gems/web-console-2.2.1/lib/web_console/templates/_prompt_box_markup.html.erb within layouts/inlined_string (0.7ms)
  Rendered /home/douglas/.rvm/gems/ruby-2.2.2/gems/web-console-2.2.1/lib/web_console/templates/style.css.erb within layouts/inlined_string (1.3ms)
  Rendered /home/douglas/.rvm/gems/ruby-2.2.2/gems/web-console-2.2.1/lib/web_console/templates/console.js.erb within layouts/javascript (38.6ms)
  Rendered /home/douglas/.rvm/gems/ruby-2.2.2/gems/web-console-2.2.1/lib/web_console/templates/main.js.erb within layouts/javascript (0.6ms)
  Rendered /home/douglas/.rvm/gems/ruby-2.2.2/gems/web-console-2.2.1/lib/web_console/templates/error_page.js.erb within layouts/javascript (0.8ms)
  Rendered /home/douglas/.rvm/gems/ruby-2.2.2/gems/web-console-2.2.1/lib/web_console/templates/index.html.erb (82.7ms)


Started GET "/reservas/new" for 127.0.0.1 at 2016-01-10 11:38:24 -0200
Processing by ReservasController#new as HTML
  Rendered reservas/_form.html.erb (39.3ms)
  Rendered reservas/new.html.erb within layouts/application (45.9ms)
Completed 200 OK in 82ms (Views: 80.3ms | ActiveRecord: 0.0ms)


Started GET "/assets/reservas.self-e3b0c44298fc1c149afbf4c8996fb92427ae41e4649b934ca495991b7852b855.css?body=1" for 127.0.0.1 at 2016-01-10 11:38:24 -0200


Started GET "/assets/application.self-e80e8f2318043e8af94dddc2adad5a4f09739a8ebb323b3ab31cd71d45fd9113.css?body=1" for 127.0.0.1 at 2016-01-10 11:38:24 -0200


Started GET "/assets/turbolinks.self-c37727e9bd6b2735da5c311aa83fead54ed0be6cc8bd9a65309e9c5abe2cbfff.js?body=1" for 127.0.0.1 at 2016-01-10 11:38:24 -0200


Started GET "/assets/jquery_ujs.self-d456baa54c1fa6be2ec3711f0a72ddf7a5b2f34a6b4f515f33767d6207b7d4b3.js?body=1" for 127.0.0.1 at 2016-01-10 11:38:24 -0200


Started GET "/assets/jquery.self-a714331225dda820228db323939889f149aec0127aeb06255646b616ba1ca419.js?body=1" for 127.0.0.1 at 2016-01-10 11:38:24 -0200


Started GET "/assets/scaffolds.self-ca70bb0973244fd91f1b4d189161c90a1e3eeeedc191d43bc203bddc62ef2bfc.css?body=1" for 127.0.0.1 at 2016-01-10 11:38:24 -0200


Started GET "/assets/reservas.self-877aef30ae1b040ab8a3aba4e3e309a11d7f2612f44dde450b5c157aa5f95c05.js?body=1" for 127.0.0.1 at 2016-01-10 11:38:24 -0200


Started GET "/assets/application.self-3b8dabdc891efe46b9a144b400ad69e37d7e5876bdc39dee783419a69d7ca819.js?body=1" for 127.0.0.1 at 2016-01-10 11:38:24 -0200


Started GET "/reservas" for 127.0.0.1 at 2016-01-10 15:08:45 -0200
Processing by ReservasController#index as HTML
  [1m[36mReserva Load (0.4ms)[0m  [1mSELECT "reservas".* FROM "reservas"[0m
  Rendered reservas/index.html.erb within layouts/application (2.8ms)
Completed 200 OK in 31ms (Views: 29.4ms | ActiveRecord: 0.4ms)


Started GET "/servicos/new" for 127.0.0.1 at 2016-01-10 15:27:35 -0200
  [1m[36mActiveRecord::SchemaMigration Load (0.3ms)[0m  [1mSELECT "schema_migrations".* FROM "schema_migrations"[0m

ActionController::RoutingError (No route matches [GET] "/servicos/new"):
  actionpack (4.2.5) lib/action_dispatch/middleware/debug_exceptions.rb:21:in `call'
  web-console (2.2.1) lib/web_console/middleware.rb:39:in `call'
  actionpack (4.2.5) lib/action_dispatch/middleware/show_exceptions.rb:30:in `call'
  railties (4.2.5) lib/rails/rack/logger.rb:38:in `call_app'
  railties (4.2.5) lib/rails/rack/logger.rb:20:in `block in call'
  activesupport (4.2.5) lib/active_support/tagged_logging.rb:68:in `block in tagged'
  activesupport (4.2.5) lib/active_support/tagged_logging.rb:26:in `tagged'
  activesupport (4.2.5) lib/active_support/tagged_logging.rb:68:in `tagged'
  railties (4.2.5) lib/rails/rack/logger.rb:20:in `call'
  actionpack (4.2.5) lib/action_dispatch/middleware/request_id.rb:21:in `call'
  rack (1.6.4) lib/rack/methodoverride.rb:22:in `call'
  rack (1.6.4) lib/rack/runtime.rb:18:in `call'
  activesupport (4.2.5) lib/active_support/cache/strategy/local_cache_middleware.rb:28:in `call'
  rack (1.6.4) lib/rack/lock.rb:17:in `call'
  actionpack (4.2.5) lib/action_dispatch/middleware/static.rb:116:in `call'
  rack (1.6.4) lib/rack/sendfile.rb:113:in `call'
  railties (4.2.5) lib/rails/engine.rb:518:in `call'
  railties (4.2.5) lib/rails/application.rb:165:in `call'
  rack (1.6.4) lib/rack/lock.rb:17:in `call'
  rack (1.6.4) lib/rack/content_length.rb:15:in `call'
  rack (1.6.4) lib/rack/handler/webrick.rb:88:in `service'
  /home/douglas/.rvm/rubies/ruby-2.2.2/lib/ruby/2.2.0/webrick/httpserver.rb:138:in `service'
  /home/douglas/.rvm/rubies/ruby-2.2.2/lib/ruby/2.2.0/webrick/httpserver.rb:94:in `run'
  /home/douglas/.rvm/rubies/ruby-2.2.2/lib/ruby/2.2.0/webrick/server.rb:294:in `block in start_thread'


  Rendered /home/douglas/.rvm/gems/ruby-2.2.2/gems/actionpack-4.2.5/lib/action_dispatch/middleware/templates/rescues/_trace.html.erb (4.3ms)
  Rendered /home/douglas/.rvm/gems/ruby-2.2.2/gems/actionpack-4.2.5/lib/action_dispatch/middleware/templates/routes/_route.html.erb (3.3ms)
  Rendered /home/douglas/.rvm/gems/ruby-2.2.2/gems/actionpack-4.2.5/lib/action_dispatch/middleware/templates/routes/_table.html.erb (25.2ms)
  Rendered /home/douglas/.rvm/gems/ruby-2.2.2/gems/actionpack-4.2.5/lib/action_dispatch/middleware/templates/rescues/_request_and_response.html.erb (18.9ms)
  Rendered /home/douglas/.rvm/gems/ruby-2.2.2/gems/actionpack-4.2.5/lib/action_dispatch/middleware/templates/rescues/routing_error.html.erb within rescues/layout (104.2ms)
  Rendered /home/douglas/.rvm/gems/ruby-2.2.2/gems/web-console-2.2.1/lib/web_console/templates/_markup.html.erb (0.8ms)
  Rendered /home/douglas/.rvm/gems/ruby-2.2.2/gems/web-console-2.2.1/lib/web_console/templates/_inner_console_markup.html.erb within layouts/inlined_string (1.1ms)
  Rendered /home/douglas/.rvm/gems/ruby-2.2.2/gems/web-console-2.2.1/lib/web_console/templates/_prompt_box_markup.html.erb within layouts/inlined_string (0.9ms)
  Rendered /home/douglas/.rvm/gems/ruby-2.2.2/gems/web-console-2.2.1/lib/web_console/templates/style.css.erb within layouts/inlined_string (0.9ms)
  Rendered /home/douglas/.rvm/gems/ruby-2.2.2/gems/web-console-2.2.1/lib/web_console/templates/console.js.erb within layouts/javascript (30.9ms)
  Rendered /home/douglas/.rvm/gems/ruby-2.2.2/gems/web-console-2.2.1/lib/web_console/templates/main.js.erb within layouts/javascript (0.6ms)
  Rendered /home/douglas/.rvm/gems/ruby-2.2.2/gems/web-console-2.2.1/lib/web_console/templates/error_page.js.erb within layouts/javascript (0.8ms)
  Rendered /home/douglas/.rvm/gems/ruby-2.2.2/gems/web-console-2.2.1/lib/web_console/templates/index.html.erb (62.4ms)


Started GET "/" for 127.0.0.1 at 2016-01-10 15:28:16 -0200
Processing by Rails::WelcomeController#index as HTML
  Rendered /home/douglas/.rvm/gems/ruby-2.2.2/gems/railties-4.2.5/lib/rails/templates/rails/welcome/index.html.erb (1.5ms)
Completed 200 OK in 21ms (Views: 19.7ms | ActiveRecord: 0.0ms)


Started GET "/servicos/" for 127.0.0.1 at 2016-01-10 15:28:23 -0200

ActionController::RoutingError (No route matches [GET] "/servicos"):
  actionpack (4.2.5) lib/action_dispatch/middleware/debug_exceptions.rb:21:in `call'
  web-console (2.2.1) lib/web_console/middleware.rb:39:in `call'
  actionpack (4.2.5) lib/action_dispatch/middleware/show_exceptions.rb:30:in `call'
  railties (4.2.5) lib/rails/rack/logger.rb:38:in `call_app'
  railties (4.2.5) lib/rails/rack/logger.rb:20:in `block in call'
  activesupport (4.2.5) lib/active_support/tagged_logging.rb:68:in `block in tagged'
  activesupport (4.2.5) lib/active_support/tagged_logging.rb:26:in `tagged'
  activesupport (4.2.5) lib/active_support/tagged_logging.rb:68:in `tagged'
  railties (4.2.5) lib/rails/rack/logger.rb:20:in `call'
  actionpack (4.2.5) lib/action_dispatch/middleware/request_id.rb:21:in `call'
  rack (1.6.4) lib/rack/methodoverride.rb:22:in `call'
  rack (1.6.4) lib/rack/runtime.rb:18:in `call'
  activesupport (4.2.5) lib/active_support/cache/strategy/local_cache_middleware.rb:28:in `call'
  rack (1.6.4) lib/rack/lock.rb:17:in `call'
  actionpack (4.2.5) lib/action_dispatch/middleware/static.rb:116:in `call'
  rack (1.6.4) lib/rack/sendfile.rb:113:in `call'
  railties (4.2.5) lib/rails/engine.rb:518:in `call'
  railties (4.2.5) lib/rails/application.rb:165:in `call'
  rack (1.6.4) lib/rack/lock.rb:17:in `call'
  rack (1.6.4) lib/rack/content_length.rb:15:in `call'
  rack (1.6.4) lib/rack/handler/webrick.rb:88:in `service'
  /home/douglas/.rvm/rubies/ruby-2.2.2/lib/ruby/2.2.0/webrick/httpserver.rb:138:in `service'
  /home/douglas/.rvm/rubies/ruby-2.2.2/lib/ruby/2.2.0/webrick/httpserver.rb:94:in `run'
  /home/douglas/.rvm/rubies/ruby-2.2.2/lib/ruby/2.2.0/webrick/server.rb:294:in `block in start_thread'


  Rendered /home/douglas/.rvm/gems/ruby-2.2.2/gems/actionpack-4.2.5/lib/action_dispatch/middleware/templates/rescues/_trace.html.erb (2.6ms)
  Rendered /home/douglas/.rvm/gems/ruby-2.2.2/gems/actionpack-4.2.5/lib/action_dispatch/middleware/templates/routes/_route.html.erb (1.9ms)
  Rendered /home/douglas/.rvm/gems/ruby-2.2.2/gems/actionpack-4.2.5/lib/action_dispatch/middleware/templates/routes/_table.html.erb (4.7ms)
  Rendered /home/douglas/.rvm/gems/ruby-2.2.2/gems/actionpack-4.2.5/lib/action_dispatch/middleware/templates/rescues/_request_and_response.html.erb (2.3ms)
  Rendered /home/douglas/.rvm/gems/ruby-2.2.2/gems/actionpack-4.2.5/lib/action_dispatch/middleware/templates/rescues/routing_error.html.erb within rescues/layout (45.0ms)
  Rendered /home/douglas/.rvm/gems/ruby-2.2.2/gems/web-console-2.2.1/lib/web_console/templates/_markup.html.erb (0.7ms)
  Rendered /home/douglas/.rvm/gems/ruby-2.2.2/gems/web-console-2.2.1/lib/web_console/templates/_inner_console_markup.html.erb within layouts/inlined_string (0.7ms)
  Rendered /home/douglas/.rvm/gems/ruby-2.2.2/gems/web-console-2.2.1/lib/web_console/templates/_prompt_box_markup.html.erb within layouts/inlined_string (0.6ms)
  Rendered /home/douglas/.rvm/gems/ruby-2.2.2/gems/web-console-2.2.1/lib/web_console/templates/style.css.erb within layouts/inlined_string (0.7ms)
  Rendered /home/douglas/.rvm/gems/ruby-2.2.2/gems/web-console-2.2.1/lib/web_console/templates/console.js.erb within layouts/javascript (26.6ms)
  Rendered /home/douglas/.rvm/gems/ruby-2.2.2/gems/web-console-2.2.1/lib/web_console/templates/main.js.erb within layouts/javascript (0.6ms)
  Rendered /home/douglas/.rvm/gems/ruby-2.2.2/gems/web-console-2.2.1/lib/web_console/templates/error_page.js.erb within layouts/javascript (0.7ms)
  Rendered /home/douglas/.rvm/gems/ruby-2.2.2/gems/web-console-2.2.1/lib/web_console/templates/index.html.erb (53.9ms)


Started GET "/reservas/" for 127.0.0.1 at 2016-01-10 15:28:32 -0200
Processing by ReservasController#index as HTML
  [1m[35mReserva Load (0.3ms)[0m  SELECT "reservas".* FROM "reservas"
  Rendered reservas/index.html.erb within layouts/application (5.0ms)
Completed 200 OK in 419ms (Views: 413.1ms | ActiveRecord: 0.6ms)


Started GET "/reservas/new" for 127.0.0.1 at 2016-01-10 15:28:35 -0200
Processing by ReservasController#new as HTML
  Rendered reservas/_form.html.erb (5.3ms)
  Rendered reservas/new.html.erb within layouts/application (8.0ms)
Completed 500 Internal Server Error in 30ms (ActiveRecord: 0.6ms)

SyntaxError (/home/douglas/workspace/beautyhairsystem/app/views/reservas/_form.html.erb:10: syntax error, unexpected ')'
...:data, label: 'Data:', order: );@output_buffer.safe_append='
...                               ^
/home/douglas/workspace/beautyhairsystem/app/views/reservas/_form.html.erb:18: syntax error, unexpected keyword_end, expecting ')'
'.freeze; end 
             ^
/home/douglas/workspace/beautyhairsystem/app/views/reservas/_form.html.erb:20: syntax error, unexpected keyword_ensure, expecting ')'
/home/douglas/workspace/beautyhairsystem/app/views/reservas/_form.html.erb:22: syntax error, unexpected keyword_end, expecting ')'):
  app/views/reservas/_form.html.erb:10: syntax error, unexpected ')'
  app/views/reservas/_form.html.erb:18: syntax error, unexpected keyword_end, expecting ')'
  app/views/reservas/_form.html.erb:20: syntax error, unexpected keyword_ensure, expecting ')'
  app/views/reservas/_form.html.erb:22: syntax error, unexpected keyword_end, expecting ')'
  app/views/reservas/new.html.erb:3:in `_app_views_reservas_new_html_erb__715473990995985421_70103811141780'


  Rendered /home/douglas/.rvm/gems/ruby-2.2.2/gems/actionpack-4.2.5/lib/action_dispatch/middleware/templates/rescues/_source.erb (16.0ms)
  Rendered /home/douglas/.rvm/gems/ruby-2.2.2/gems/actionpack-4.2.5/lib/action_dispatch/middleware/templates/rescues/_trace.html.erb (6.6ms)
  Rendered /home/douglas/.rvm/gems/ruby-2.2.2/gems/actionpack-4.2.5/lib/action_dispatch/middleware/templates/rescues/_request_and_response.html.erb (1.7ms)
  Rendered /home/douglas/.rvm/gems/ruby-2.2.2/gems/actionpack-4.2.5/lib/action_dispatch/middleware/templates/rescues/diagnostics.html.erb within rescues/layout (45.4ms)
  Rendered /home/douglas/.rvm/gems/ruby-2.2.2/gems/web-console-2.2.1/lib/web_console/templates/_markup.html.erb (0.7ms)
  Rendered /home/douglas/.rvm/gems/ruby-2.2.2/gems/web-console-2.2.1/lib/web_console/templates/_inner_console_markup.html.erb within layouts/inlined_string (0.6ms)
  Rendered /home/douglas/.rvm/gems/ruby-2.2.2/gems/web-console-2.2.1/lib/web_console/templates/_prompt_box_markup.html.erb within layouts/inlined_string (0.6ms)
  Rendered /home/douglas/.rvm/gems/ruby-2.2.2/gems/web-console-2.2.1/lib/web_console/templates/style.css.erb within layouts/inlined_string (0.6ms)
  Rendered /home/douglas/.rvm/gems/ruby-2.2.2/gems/web-console-2.2.1/lib/web_console/templates/console.js.erb within layouts/javascript (25.6ms)
  Rendered /home/douglas/.rvm/gems/ruby-2.2.2/gems/web-console-2.2.1/lib/web_console/templates/main.js.erb within layouts/javascript (0.6ms)
  Rendered /home/douglas/.rvm/gems/ruby-2.2.2/gems/web-console-2.2.1/lib/web_console/templates/error_page.js.erb within layouts/javascript (0.7ms)
  Rendered /home/douglas/.rvm/gems/ruby-2.2.2/gems/web-console-2.2.1/lib/web_console/templates/index.html.erb (51.5ms)


Started GET "/reservas/new" for 127.0.0.1 at 2016-01-10 15:28:35 -0200
Processing by ReservasController#new as HTML
  Rendered reservas/_form.html.erb (3.8ms)
  Rendered reservas/new.html.erb within layouts/application (9.0ms)
Completed 500 Internal Server Error in 12ms (ActiveRecord: 0.0ms)

SyntaxError (/home/douglas/workspace/beautyhairsystem/app/views/reservas/_form.html.erb:10: syntax error, unexpected ')'
...:data, label: 'Data:', order: );@output_buffer.safe_append='
...                               ^
/home/douglas/workspace/beautyhairsystem/app/views/reservas/_form.html.erb:18: syntax error, unexpected keyword_end, expecting ')'
'.freeze; end 
             ^
/home/douglas/workspace/beautyhairsystem/app/views/reservas/_form.html.erb:20: syntax error, unexpected keyword_ensure, expecting ')'
/home/douglas/workspace/beautyhairsystem/app/views/reservas/_form.html.erb:22: syntax error, unexpected keyword_end, expecting ')'):
  app/views/reservas/_form.html.erb:10: syntax error, unexpected ')'
  app/views/reservas/_form.html.erb:18: syntax error, unexpected keyword_end, expecting ')'
  app/views/reservas/_form.html.erb:20: syntax error, unexpected keyword_ensure, expecting ')'
  app/views/reservas/_form.html.erb:22: syntax error, unexpected keyword_end, expecting ')'
  app/views/reservas/new.html.erb:3:in `_app_views_reservas_new_html_erb__715473990995985421_70103816655820'


  Rendered /home/douglas/.rvm/gems/ruby-2.2.2/gems/actionpack-4.2.5/lib/action_dispatch/middleware/templates/rescues/_source.erb (21.3ms)
  Rendered /home/douglas/.rvm/gems/ruby-2.2.2/gems/actionpack-4.2.5/lib/action_dispatch/middleware/templates/rescues/_trace.html.erb (9.8ms)
  Rendered /home/douglas/.rvm/gems/ruby-2.2.2/gems/actionpack-4.2.5/lib/action_dispatch/middleware/templates/rescues/_request_and_response.html.erb (1.9ms)
  Rendered /home/douglas/.rvm/gems/ruby-2.2.2/gems/actionpack-4.2.5/lib/action_dispatch/middleware/templates/rescues/diagnostics.html.erb within rescues/layout (58.1ms)
  Rendered /home/douglas/.rvm/gems/ruby-2.2.2/gems/web-console-2.2.1/lib/web_console/templates/_markup.html.erb (0.7ms)
  Rendered /home/douglas/.rvm/gems/ruby-2.2.2/gems/web-console-2.2.1/lib/web_console/templates/_inner_console_markup.html.erb within layouts/inlined_string (0.7ms)
  Rendered /home/douglas/.rvm/gems/ruby-2.2.2/gems/web-console-2.2.1/lib/web_console/templates/_prompt_box_markup.html.erb within layouts/inlined_string (0.7ms)
  Rendered /home/douglas/.rvm/gems/ruby-2.2.2/gems/web-console-2.2.1/lib/web_console/templates/style.css.erb within layouts/inlined_string (0.6ms)
  Rendered /home/douglas/.rvm/gems/ruby-2.2.2/gems/web-console-2.2.1/lib/web_console/templates/console.js.erb within layouts/javascript (32.1ms)
  Rendered /home/douglas/.rvm/gems/ruby-2.2.2/gems/web-console-2.2.1/lib/web_console/templates/main.js.erb within layouts/javascript (0.7ms)
  Rendered /home/douglas/.rvm/gems/ruby-2.2.2/gems/web-console-2.2.1/lib/web_console/templates/error_page.js.erb within layouts/javascript (0.8ms)
  Rendered /home/douglas/.rvm/gems/ruby-2.2.2/gems/web-console-2.2.1/lib/web_console/templates/index.html.erb (63.7ms)


Started GET "/reservas/new" for 127.0.0.1 at 2016-01-10 15:28:51 -0200
Processing by ReservasController#new as HTML
  Rendered reservas/_form.html.erb (4.8ms)
  Rendered reservas/new.html.erb within layouts/application (6.5ms)
Completed 500 Internal Server Error in 10ms (ActiveRecord: 0.0ms)

SyntaxError (/home/douglas/workspace/beautyhairsystem/app/views/reservas/_form.html.erb:10: syntax error, unexpected ')', expecting =>
...:data, label: 'Data:', :order );@output_buffer.safe_append='
...                               ^
/home/douglas/workspace/beautyhairsystem/app/views/reservas/_form.html.erb:18: syntax error, unexpected keyword_end, expecting ')'
'.freeze; end 
             ^
/home/douglas/workspace/beautyhairsystem/app/views/reservas/_form.html.erb:20: syntax error, unexpected keyword_ensure, expecting ')'
/home/douglas/workspace/beautyhairsystem/app/views/reservas/_form.html.erb:22: syntax error, unexpected keyword_end, expecting ')'):
  app/views/reservas/_form.html.erb:10: syntax error, unexpected ')', expecting =>
  app/views/reservas/_form.html.erb:18: syntax error, unexpected keyword_end, expecting ')'
  app/views/reservas/_form.html.erb:20: syntax error, unexpected keyword_ensure, expecting ')'
  app/views/reservas/_form.html.erb:22: syntax error, unexpected keyword_end, expecting ')'
  app/views/reservas/new.html.erb:3:in `_app_views_reservas_new_html_erb__715473990995985421_70103816655820'


  Rendered /home/douglas/.rvm/gems/ruby-2.2.2/gems/actionpack-4.2.5/lib/action_dispatch/middleware/templates/rescues/_source.erb (16.0ms)
  Rendered /home/douglas/.rvm/gems/ruby-2.2.2/gems/actionpack-4.2.5/lib/action_dispatch/middleware/templates/rescues/_trace.html.erb (6.2ms)
  Rendered /home/douglas/.rvm/gems/ruby-2.2.2/gems/actionpack-4.2.5/lib/action_dispatch/middleware/templates/rescues/_request_and_response.html.erb (1.6ms)
  Rendered /home/douglas/.rvm/gems/ruby-2.2.2/gems/actionpack-4.2.5/lib/action_dispatch/middleware/templates/rescues/diagnostics.html.erb within rescues/layout (44.6ms)
  Rendered /home/douglas/.rvm/gems/ruby-2.2.2/gems/web-console-2.2.1/lib/web_console/templates/_markup.html.erb (0.7ms)
  Rendered /home/douglas/.rvm/gems/ruby-2.2.2/gems/web-console-2.2.1/lib/web_console/templates/_inner_console_markup.html.erb within layouts/inlined_string (0.5ms)
  Rendered /home/douglas/.rvm/gems/ruby-2.2.2/gems/web-console-2.2.1/lib/web_console/templates/_prompt_box_markup.html.erb within layouts/inlined_string (0.5ms)
  Rendered /home/douglas/.rvm/gems/ruby-2.2.2/gems/web-console-2.2.1/lib/web_console/templates/style.css.erb within layouts/inlined_string (0.6ms)
  Rendered /home/douglas/.rvm/gems/ruby-2.2.2/gems/web-console-2.2.1/lib/web_console/templates/console.js.erb within layouts/javascript (24.6ms)
  Rendered /home/douglas/.rvm/gems/ruby-2.2.2/gems/web-console-2.2.1/lib/web_console/templates/main.js.erb within layouts/javascript (0.5ms)
  Rendered /home/douglas/.rvm/gems/ruby-2.2.2/gems/web-console-2.2.1/lib/web_console/templates/error_page.js.erb within layouts/javascript (0.8ms)
  Rendered /home/douglas/.rvm/gems/ruby-2.2.2/gems/web-console-2.2.1/lib/web_console/templates/index.html.erb (50.1ms)


Started GET "/reservas/new" for 127.0.0.1 at 2016-01-10 15:28:59 -0200
Processing by ReservasController#new as HTML
  Rendered reservas/_form.html.erb (142.5ms)
  Rendered reservas/new.html.erb within layouts/application (144.8ms)
Completed 200 OK in 183ms (Views: 181.4ms | ActiveRecord: 0.0ms)


Started GET "/assets/reservas.self-e3b0c44298fc1c149afbf4c8996fb92427ae41e4649b934ca495991b7852b855.css?body=1" for 127.0.0.1 at 2016-01-10 15:29:00 -0200


Started GET "/assets/turbolinks.self-c37727e9bd6b2735da5c311aa83fead54ed0be6cc8bd9a65309e9c5abe2cbfff.js?body=1" for 127.0.0.1 at 2016-01-10 15:29:00 -0200


Started GET "/assets/scaffolds.self-ca70bb0973244fd91f1b4d189161c90a1e3eeeedc191d43bc203bddc62ef2bfc.css?body=1" for 127.0.0.1 at 2016-01-10 15:29:00 -0200


Started GET "/assets/application.self-e80e8f2318043e8af94dddc2adad5a4f09739a8ebb323b3ab31cd71d45fd9113.css?body=1" for 127.0.0.1 at 2016-01-10 15:29:00 -0200


Started GET "/assets/jquery.self-a714331225dda820228db323939889f149aec0127aeb06255646b616ba1ca419.js?body=1" for 127.0.0.1 at 2016-01-10 15:29:00 -0200


Started GET "/assets/jquery_ujs.self-d456baa54c1fa6be2ec3711f0a72ddf7a5b2f34a6b4f515f33767d6207b7d4b3.js?body=1" for 127.0.0.1 at 2016-01-10 15:29:00 -0200


Started GET "/assets/reservas.self-877aef30ae1b040ab8a3aba4e3e309a11d7f2612f44dde450b5c157aa5f95c05.js?body=1" for 127.0.0.1 at 2016-01-10 15:29:00 -0200


Started GET "/assets/application.self-3b8dabdc891efe46b9a144b400ad69e37d7e5876bdc39dee783419a69d7ca819.js?body=1" for 127.0.0.1 at 2016-01-10 15:29:00 -0200
